<?xml version="1.0" encoding="UTF-8"?>
<!-- Generated by org.testng.reporters.JUnitReportReporter -->
<testsuite hostname="DESKTOP-4ENFGKI" failures="0" tests="11" name="almosaferTestt.mytest" time="54.584" errors="0" timestamp="2024-08-23T19:27:16 EET" skipped="0">
  <testcase classname="almosaferTestt.mytest" name="DefaultLange" time="0.219"/>
  <system-out/>
  <testcase classname="almosaferTestt.mytest" name="CheckdefaultCurrency" time="3.557"/>
  <system-out/>
  <testcase classname="almosaferTestt.mytest" name="CheckContactNumber" time="0.092"/>
  <system-out/>
  <testcase classname="almosaferTestt.mytest" name="CheckQitaflogo" time="0.842"/>
  <system-out/>
  <testcase classname="almosaferTestt.mytest" name="CheckHotelIsNotSelected" time="0.574"/>
  <system-out/>
  <testcase classname="almosaferTestt.mytest" name="CheckDepatureDate" time="0.168"/>
  <system-out/>
  <testcase classname="almosaferTestt.mytest" name="Randomlang" time="3.636"/>
  <system-out/>
  <testcase classname="almosaferTestt.mytest" name="FillHotelTap" time="3.887"/>
  <system-out/>
  <testcase classname="almosaferTestt.mytest" name="RandomlyselectTheNumberOfvistor" time="12.297"/>
  <system-out/>
  <testcase classname="almosaferTestt.mytest" name="CheckThePageloaded" time="26.000"/>
  <system-out/>
  <testcase classname="almosaferTestt.mytest" name="SortItem" time="3.312"/>
  <system-out/>
</testsuite> <!-- almosaferTestt.mytest -->
