<?xml version="1.0" encoding="UTF-8"?>
<!-- Generated by org.testng.reporters.JUnitReportReporter -->
<testsuite hostname="DESKTOP-4ENFGKI" failures="0" tests="11" name="almosaferTestt.mytest" time="54.052" errors="0" timestamp="2024-08-21T20:22:29 EET" skipped="0">
  <testcase classname="almosaferTestt.mytest" name="DefaultLange" time="0.217"/>
  <system-out/>
  <testcase classname="almosaferTestt.mytest" name="CheckdefaultCurrency" time="0.178"/>
  <system-out/>
  <testcase classname="almosaferTestt.mytest" name="CheckContactNumber" time="3.277"/>
  <system-out/>
  <testcase classname="almosaferTestt.mytest" name="CheckQitaflogo" time="0.325"/>
  <system-out/>
  <testcase classname="almosaferTestt.mytest" name="CheckHotelIsNotSelected" time="0.122"/>
  <system-out/>
  <testcase classname="almosaferTestt.mytest" name="CheckDepatureDate" time="0.185"/>
  <system-out/>
  <testcase classname="almosaferTestt.mytest" name="Randomlang" time="2.745"/>
  <system-out/>
  <testcase classname="almosaferTestt.mytest" name="FillHotelTap" time="3.076"/>
  <system-out/>
  <testcase classname="almosaferTestt.mytest" name="RandomlyselectTheNumberOfvistor" time="11.001"/>
  <system-out/>
  <testcase classname="almosaferTestt.mytest" name="CheckThePageloaded" time="28.770"/>
  <system-out/>
  <testcase classname="almosaferTestt.mytest" name="SortItem" time="4.156"/>
  <system-out/>
</testsuite> <!-- almosaferTestt.mytest -->
