<?xml version="1.0" encoding="UTF-8"?>
<!-- Generated by org.testng.reporters.JUnitReportReporter -->
<testsuite hostname="DESKTOP-4ENFGKI" failures="0" tests="7" name="almosaferTestt.mytest" time="7.248" errors="0" timestamp="2024-08-20T21:51:00 EET" skipped="0">
  <testcase classname="almosaferTestt.mytest" name="DefaultLange" time="0.204"/>
  <system-out/>
  <testcase classname="almosaferTestt.mytest" name="CheckdefaultCurrency" time="0.156"/>
  <system-out/>
  <testcase classname="almosaferTestt.mytest" name="CheckContactNumber" time="2.825"/>
  <system-out/>
  <testcase classname="almosaferTestt.mytest" name="CheckQitaflogo" time="0.535"/>
  <system-out/>
  <testcase classname="almosaferTestt.mytest" name="CheckHotelIsNotSelected" time="0.114"/>
  <system-out/>
  <testcase classname="almosaferTestt.mytest" name="CheckDepatureDate" time="0.201"/>
  <system-out/>
  <testcase classname="almosaferTestt.mytest" name="Randomlang" time="3.213"/>
  <system-out/>
</testsuite> <!-- almosaferTestt.mytest -->
